### **📌 Section 3: Database Design and Optimization**  
#### **🔹 Lesson 2: Indexes & Query Optimization**  
✅ **Topic 1: Indexing**  
✅ **Topic 2: Query Plans (`EXPLAIN` and `EXPLAIN ANALYZE`)**  

---

## **🔹 1. Indexing (Improving Query Performance)**  
An **index** is a data structure that speeds up searches in a table.  
✅ Without indexes, **PostgreSQL scans every row** (**Slow!**).  
✅ With indexes, **PostgreSQL quickly finds matching rows** (**Fast!**).  

---

### **📍 Step 1: Run a Query Without an Index (Slow Query)**  
Let's query employees by name **before** adding an index.

```sql
EXPLAIN ANALYZE
SELECT * FROM Employees WHERE name = 'Alice Johnson';
```
🔹 **Expected Output (Slow Query)**  
```
Seq Scan on Employees (cost=0.00..12.00 rows=1 width=50)
```
❌ **`Seq Scan` (Sequential Scan)** → PostgreSQL **checks every row**, which is inefficient for large tables.  

---

### **📍 Step 2: Create an Index on `name` Column**  

```sql
CREATE INDEX idx_employee_name ON Employees (name);
```
✅ **Now, PostgreSQL has an index on the `name` column.**  

---

### **📍 Step 3: Run the Same Query Again (Fast Query)**  

```sql
EXPLAIN ANALYZE
SELECT * FROM Employees WHERE name = 'Alice Johnson';
```
🔹 **Expected Output (Fast Query with Index)**  
```
Index Scan using idx_employee_name on Employees (cost=0.00..4.00 rows=1 width=50)
```
✅ **`Index Scan`** → PostgreSQL **uses the index**, significantly improving search speed. 🚀  

---

## **🔹 2. Optimizing Sorting with an Index**  
Sorting can also be **sped up** using an index.

---

### **📍 Step 1: Sorting Without an Index (Slow Sort Query)**  
```sql
EXPLAIN ANALYZE
SELECT * FROM Employees ORDER BY name;
```
🔹 **Expected Output (Slow Query)**  
```
Sort (external merge disk) (cost=0.00..20.00 rows=500 width=50)
Seq Scan on Employees (cost=0.00..12.00 rows=500 width=50)
```
❌ **`Sort (external merge disk)`** → PostgreSQL sorts data **without** an index (slow!).  

---

### **📍 Step 2: Create an Index for Faster Sorting**  
```sql
CREATE INDEX idx_employee_name ON Employees (name);
```
✅ **Now, sorting will use the index.**  

---

### **📍 Step 3: Run the Same Query Again (Fast Sort Query)**  
```sql
EXPLAIN ANALYZE
SELECT * FROM Employees ORDER BY name;
```
🔹 **Expected Output (Fast Query with Index)**  
```
Index Scan using idx_employee_name on Employees (cost=0.00..10.00 rows=500 width=50)
```
✅ **`Index Scan`** → Sorting is **much faster** because PostgreSQL now **uses the index** instead of an expensive sorting operation.  

---

## **🔹 3. Understanding Query Optimization with `EXPLAIN` and `EXPLAIN ANALYZE`**  

| **Optimization** | **Purpose** |
|-----------------|------------|
| **`EXPLAIN`** | Shows query execution plan without running the query. |
| **`EXPLAIN ANALYZE`** | Runs the query and **measures actual execution time**. |
| **`Seq Scan` (Sequential Scan)** | Scans all rows (slow). |
| **`Index Scan`** | Uses an index (fast). |
| **`Sort (external merge disk)`** | Sorting without index (slow). |
| **`Index Scan (ORDER BY)`** | Sorting using an index (fast). |

---

## **📌 Summary**
| **Scenario** | **Before Index (Slow)** | **After Index (Fast)** |
|--------------|-----------------|-----------------|
| **Searching by name** | `Seq Scan` | `Index Scan` |
| **Sorting by name** | `Sort (external merge disk)` | `Index Scan (ORDER BY)` |

✅ **Indexes significantly improve query performance by reducing scan times!** 🚀  
